[ 2016-10-31T13:59:13+08:00 ] 127.0.0.1 /myBlog/Admin/Index/index
ERR: 模板不存在:./App/Home/View/Admin/404.html

[ 2016-10-31T13:59:13+08:00 ] 127.0.0.1 /myBlog/Admin/Index/404.html
ERR: 模板不存在:./App/Home/View/Admin/404.html

[ 2016-10-31T13:59:13+08:00 ] 127.0.0.1 /myBlog/Admin/Index/404.html
ERR: 模板不存在:./App/Home/View/Admin/404.html

[ 2016-10-31T13:59:13+08:00 ] 127.0.0.1 /myBlog/Admin/Index/404.html
ERR: 模板不存在:./App/Home/View/Admin/404.html

[ 2016-10-31T13:59:13+08:00 ] 127.0.0.1 /myBlog/Admin/Index/404.html
ERR: 模板不存在:./App/Home/View/Admin/404.html

[ 2016-10-31T13:59:13+08:00 ] 127.0.0.1 /myBlog/Admin/Index/404.html
ERR: 模板不存在:./App/Home/View/Admin/404.html

[ 2016-10-31T13:59:13+08:00 ] 127.0.0.1 /myBlog/Admin/Index/404.html
ERR: 模板不存在:./App/Home/View/Admin/404.html

[ 2016-10-31T13:59:13+08:00 ] 127.0.0.1 /myBlog/Admin/Index/404.html
ERR: 模板不存在:./App/Home/View/Admin/404.html

[ 2016-10-31T13:59:13+08:00 ] 127.0.0.1 /myBlog/Admin/Index/404.html
ERR: 模板不存在:./App/Home/View/Admin/404.html

[ 2016-10-31T13:59:13+08:00 ] 127.0.0.1 /myBlog/Admin/Index/404.html
ERR: 模板不存在:./App/Home/View/Admin/404.html

[ 2016-10-31T13:59:13+08:00 ] 127.0.0.1 /myBlog/Admin/Index/404.html
ERR: 模板不存在:./App/Home/View/Admin/404.html

[ 2016-10-31T13:59:14+08:00 ] 127.0.0.1 /myBlog/Admin/Index/404.html
ERR: 模板不存在:./App/Home/View/Admin/404.html

[ 2016-10-31T13:59:14+08:00 ] 127.0.0.1 /myBlog/Admin/Index/404.html
ERR: 模板不存在:./App/Home/View/Admin/404.html

[ 2016-10-31T13:59:14+08:00 ] 127.0.0.1 /myBlog/Admin/Index/404.html
ERR: 模板不存在:./App/Home/View/Admin/404.html

[ 2016-10-31T13:59:14+08:00 ] 127.0.0.1 /myBlog/Admin/Index/404.html
ERR: 模板不存在:./App/Home/View/Admin/404.html

[ 2016-10-31T13:59:14+08:00 ] 127.0.0.1 /myBlog/Admin/Index/404.html
ERR: 模板不存在:./App/Home/View/Admin/404.html

[ 2016-10-31T13:59:14+08:00 ] 127.0.0.1 /myBlog/Admin/Index/404.html
ERR: 模板不存在:./App/Home/View/Admin/404.html

[ 2016-10-31T13:59:14+08:00 ] 127.0.0.1 /myBlog/Admin/Index/404.html
ERR: 模板不存在:./App/Home/View/Admin/404.html

[ 2016-10-31T13:59:14+08:00 ] 127.0.0.1 /myBlog/Admin/Index/404.html
ERR: 模板不存在:./App/Home/View/Admin/404.html

[ 2016-10-31T13:59:14+08:00 ] 127.0.0.1 /myBlog/Admin/Index/404.html
ERR: 模板不存在:./App/Home/View/Admin/404.html

[ 2016-10-31T13:59:14+08:00 ] 127.0.0.1 /myBlog/Admin/Index/404.html
ERR: 模板不存在:./App/Home/View/Admin/404.html

[ 2016-10-31T17:27:28+08:00 ] 127.0.0.1 /myBlog/Admin/Index/index
ERR: 模板不存在:./App/Home/View/Admin/404.html

[ 2016-10-31T17:27:28+08:00 ] 127.0.0.1 /myBlog/Admin/Index/404.html
ERR: 模板不存在:./App/Home/View/Admin/404.html

[ 2016-10-31T17:27:28+08:00 ] 127.0.0.1 /myBlog/Admin/Index/404.html
ERR: 模板不存在:./App/Home/View/Admin/404.html

[ 2016-10-31T17:27:28+08:00 ] 127.0.0.1 /myBlog/Admin/Index/404.html
ERR: 模板不存在:./App/Home/View/Admin/404.html

[ 2016-10-31T17:27:28+08:00 ] 127.0.0.1 /myBlog/Admin/Index/404.html
ERR: 模板不存在:./App/Home/View/Admin/404.html

[ 2016-10-31T17:27:28+08:00 ] 127.0.0.1 /myBlog/Admin/Index/404.html
ERR: 模板不存在:./App/Home/View/Admin/404.html

[ 2016-10-31T17:27:28+08:00 ] 127.0.0.1 /myBlog/Admin/Index/404.html
ERR: 模板不存在:./App/Home/View/Admin/404.html

[ 2016-10-31T17:27:28+08:00 ] 127.0.0.1 /myBlog/Admin/Index/404.html
ERR: 模板不存在:./App/Home/View/Admin/404.html

[ 2016-10-31T17:27:28+08:00 ] 127.0.0.1 /myBlog/Admin/Index/404.html
ERR: 模板不存在:./App/Home/View/Admin/404.html

[ 2016-10-31T17:27:28+08:00 ] 127.0.0.1 /myBlog/Admin/Index/404.html
ERR: 模板不存在:./App/Home/View/Admin/404.html

[ 2016-10-31T17:27:28+08:00 ] 127.0.0.1 /myBlog/Admin/Index/404.html
ERR: 模板不存在:./App/Home/View/Admin/404.html

[ 2016-10-31T17:27:28+08:00 ] 127.0.0.1 /myBlog/Admin/Index/404.html
ERR: 模板不存在:./App/Home/View/Admin/404.html

[ 2016-10-31T17:27:29+08:00 ] 127.0.0.1 /myBlog/Admin/Index/404.html
ERR: 模板不存在:./App/Home/View/Admin/404.html

[ 2016-10-31T17:27:29+08:00 ] 127.0.0.1 /myBlog/Admin/Index/404.html
ERR: 模板不存在:./App/Home/View/Admin/404.html

[ 2016-10-31T17:27:29+08:00 ] 127.0.0.1 /myBlog/Admin/Index/404.html
ERR: 模板不存在:./App/Home/View/Admin/404.html

[ 2016-10-31T17:27:29+08:00 ] 127.0.0.1 /myBlog/Admin/Index/404.html
ERR: 模板不存在:./App/Home/View/Admin/404.html

[ 2016-10-31T17:27:29+08:00 ] 127.0.0.1 /myBlog/Admin/Index/404.html
ERR: 模板不存在:./App/Home/View/Admin/404.html

[ 2016-10-31T17:27:29+08:00 ] 127.0.0.1 /myBlog/Admin/Index/404.html
ERR: 模板不存在:./App/Home/View/Admin/404.html

[ 2016-10-31T17:27:29+08:00 ] 127.0.0.1 /myBlog/Admin/Index/404.html
ERR: 模板不存在:./App/Home/View/Admin/404.html

[ 2016-10-31T17:27:29+08:00 ] 127.0.0.1 /myBlog/Admin/Index/404.html
ERR: 模板不存在:./App/Home/View/Admin/404.html

[ 2016-10-31T17:27:29+08:00 ] 127.0.0.1 /myBlog/Admin/Index/404.html
ERR: 模板不存在:./App/Home/View/Admin/404.html

[ 2016-10-31T19:29:42+08:00 ] 127.0.0.1 /myBlog/Public/Home/fonts/font-awesome/fontawesome-webfont.woff2?v=4.5.0
ERR: 非法操作:home

[ 2016-10-31T19:29:42+08:00 ] 127.0.0.1 /myBlog/Public/Home/fonts/font-awesome/404.html
ERR: 非法操作:home

[ 2016-10-31T19:29:42+08:00 ] 127.0.0.1 /myBlog/Public/Home/fonts/font-awesome/404.html
ERR: 非法操作:home

[ 2016-10-31T19:29:42+08:00 ] 127.0.0.1 /myBlog/Public/Home/fonts/font-awesome/404.html
ERR: 非法操作:home

[ 2016-10-31T19:29:42+08:00 ] 127.0.0.1 /myBlog/Public/Home/fonts/font-awesome/404.html
ERR: 非法操作:home

[ 2016-10-31T19:29:42+08:00 ] 127.0.0.1 /myBlog/Public/Home/fonts/font-awesome/404.html
ERR: 非法操作:home

[ 2016-10-31T19:29:42+08:00 ] 127.0.0.1 /myBlog/Public/Home/fonts/font-awesome/404.html
ERR: 非法操作:home

[ 2016-10-31T19:29:42+08:00 ] 127.0.0.1 /myBlog/Public/Home/fonts/font-awesome/404.html
ERR: 非法操作:home

[ 2016-10-31T19:29:42+08:00 ] 127.0.0.1 /myBlog/Public/Home/fonts/font-awesome/404.html
ERR: 非法操作:home

[ 2016-10-31T19:29:42+08:00 ] 127.0.0.1 /myBlog/Public/Home/fonts/font-awesome/404.html
ERR: 非法操作:home

[ 2016-10-31T19:29:42+08:00 ] 127.0.0.1 /myBlog/Public/Home/fonts/font-awesome/404.html
ERR: 非法操作:home

[ 2016-10-31T19:29:42+08:00 ] 127.0.0.1 /myBlog/Public/Home/fonts/font-awesome/404.html
ERR: 非法操作:home

[ 2016-10-31T19:29:42+08:00 ] 127.0.0.1 /myBlog/Public/Home/fonts/font-awesome/404.html
ERR: 非法操作:home

[ 2016-10-31T19:29:42+08:00 ] 127.0.0.1 /myBlog/Public/Home/fonts/font-awesome/404.html
ERR: 非法操作:home

[ 2016-10-31T19:29:42+08:00 ] 127.0.0.1 /myBlog/Public/Home/fonts/font-awesome/404.html
ERR: 非法操作:home

[ 2016-10-31T19:29:42+08:00 ] 127.0.0.1 /myBlog/Public/Home/fonts/font-awesome/404.html
ERR: 非法操作:home

[ 2016-10-31T19:29:42+08:00 ] 127.0.0.1 /myBlog/Public/Home/fonts/font-awesome/404.html
ERR: 非法操作:home

[ 2016-10-31T19:29:42+08:00 ] 127.0.0.1 /myBlog/Public/Home/fonts/font-awesome/404.html
ERR: 非法操作:home

[ 2016-10-31T19:29:42+08:00 ] 127.0.0.1 /myBlog/Public/Home/fonts/font-awesome/404.html
ERR: 非法操作:home

[ 2016-10-31T19:29:43+08:00 ] 127.0.0.1 /myBlog/Public/Home/fonts/font-awesome/404.html
ERR: 非法操作:home

[ 2016-10-31T19:29:43+08:00 ] 127.0.0.1 /myBlog/Public/Home/fonts/font-awesome/404.html
ERR: 非法操作:home

[ 2016-10-31T19:29:43+08:00 ] 127.0.0.1 /myBlog/Public/Home/fonts/font-awesome/fontawesome-webfont.woff?v=4.5.0
ERR: 非法操作:home

[ 2016-10-31T19:29:43+08:00 ] 127.0.0.1 /myBlog/Public/Home/fonts/font-awesome/404.html
ERR: 非法操作:home

[ 2016-10-31T19:29:43+08:00 ] 127.0.0.1 /myBlog/Public/Home/fonts/font-awesome/404.html
ERR: 非法操作:home

[ 2016-10-31T19:29:43+08:00 ] 127.0.0.1 /myBlog/Public/Home/fonts/font-awesome/404.html
ERR: 非法操作:home

[ 2016-10-31T19:29:43+08:00 ] 127.0.0.1 /myBlog/Public/Home/fonts/font-awesome/404.html
ERR: 非法操作:home

[ 2016-10-31T19:29:43+08:00 ] 127.0.0.1 /myBlog/Public/Home/fonts/font-awesome/404.html
ERR: 非法操作:home

[ 2016-10-31T19:29:43+08:00 ] 127.0.0.1 /myBlog/Public/Home/fonts/font-awesome/404.html
ERR: 非法操作:home

[ 2016-10-31T19:29:43+08:00 ] 127.0.0.1 /myBlog/Public/Home/fonts/font-awesome/404.html
ERR: 非法操作:home

[ 2016-10-31T19:29:43+08:00 ] 127.0.0.1 /myBlog/Public/Home/fonts/font-awesome/404.html
ERR: 非法操作:home

[ 2016-10-31T19:29:43+08:00 ] 127.0.0.1 /myBlog/Public/Home/fonts/font-awesome/404.html
ERR: 非法操作:home

[ 2016-10-31T19:29:43+08:00 ] 127.0.0.1 /myBlog/Public/Home/fonts/font-awesome/404.html
ERR: 非法操作:home

[ 2016-10-31T19:29:43+08:00 ] 127.0.0.1 /myBlog/Public/Home/fonts/font-awesome/404.html
ERR: 非法操作:home

[ 2016-10-31T19:29:43+08:00 ] 127.0.0.1 /myBlog/Public/Home/fonts/font-awesome/404.html
ERR: 非法操作:home

[ 2016-10-31T19:29:43+08:00 ] 127.0.0.1 /myBlog/Public/Home/fonts/font-awesome/404.html
ERR: 非法操作:home

[ 2016-10-31T19:29:43+08:00 ] 127.0.0.1 /myBlog/Public/Home/fonts/font-awesome/404.html
ERR: 非法操作:home

[ 2016-10-31T19:29:43+08:00 ] 127.0.0.1 /myBlog/Public/Home/fonts/font-awesome/404.html
ERR: 非法操作:home

[ 2016-10-31T19:29:43+08:00 ] 127.0.0.1 /myBlog/Public/Home/fonts/font-awesome/404.html
ERR: 非法操作:home

[ 2016-10-31T19:29:43+08:00 ] 127.0.0.1 /myBlog/Public/Home/fonts/font-awesome/404.html
ERR: 非法操作:home

[ 2016-10-31T19:29:43+08:00 ] 127.0.0.1 /myBlog/Public/Home/fonts/font-awesome/404.html
ERR: 非法操作:home

[ 2016-10-31T19:29:43+08:00 ] 127.0.0.1 /myBlog/Public/Home/fonts/font-awesome/404.html
ERR: 非法操作:home

[ 2016-10-31T19:29:43+08:00 ] 127.0.0.1 /myBlog/Public/Home/fonts/font-awesome/404.html
ERR: 非法操作:home

[ 2016-10-31T19:29:43+08:00 ] 127.0.0.1 /myBlog/Public/Home/fonts/font-awesome/fontawesome-webfont.ttf?v=4.5.0
ERR: 非法操作:home

[ 2016-10-31T19:29:43+08:00 ] 127.0.0.1 /myBlog/Public/Home/fonts/font-awesome/404.html
ERR: 非法操作:home

[ 2016-10-31T19:29:43+08:00 ] 127.0.0.1 /myBlog/Public/Home/fonts/font-awesome/404.html
ERR: 非法操作:home

[ 2016-10-31T19:29:43+08:00 ] 127.0.0.1 /myBlog/Public/Home/fonts/font-awesome/404.html
ERR: 非法操作:home

[ 2016-10-31T19:29:43+08:00 ] 127.0.0.1 /myBlog/Public/Home/fonts/font-awesome/404.html
ERR: 非法操作:home

[ 2016-10-31T19:29:43+08:00 ] 127.0.0.1 /myBlog/Public/Home/fonts/font-awesome/404.html
ERR: 非法操作:home

[ 2016-10-31T19:29:43+08:00 ] 127.0.0.1 /myBlog/Public/Home/fonts/font-awesome/404.html
ERR: 非法操作:home

[ 2016-10-31T19:29:43+08:00 ] 127.0.0.1 /myBlog/Public/Home/fonts/font-awesome/404.html
ERR: 非法操作:home

[ 2016-10-31T19:29:43+08:00 ] 127.0.0.1 /myBlog/Public/Home/fonts/font-awesome/404.html
ERR: 非法操作:home

[ 2016-10-31T19:29:43+08:00 ] 127.0.0.1 /myBlog/Public/Home/fonts/font-awesome/404.html
ERR: 非法操作:home

[ 2016-10-31T19:29:43+08:00 ] 127.0.0.1 /myBlog/Public/Home/fonts/font-awesome/404.html
ERR: 非法操作:home

[ 2016-10-31T19:29:43+08:00 ] 127.0.0.1 /myBlog/Public/Home/fonts/font-awesome/404.html
ERR: 非法操作:home

[ 2016-10-31T19:29:43+08:00 ] 127.0.0.1 /myBlog/Public/Home/fonts/font-awesome/404.html
ERR: 非法操作:home

[ 2016-10-31T19:29:43+08:00 ] 127.0.0.1 /myBlog/Public/Home/fonts/font-awesome/404.html
ERR: 非法操作:home

[ 2016-10-31T19:29:43+08:00 ] 127.0.0.1 /myBlog/Public/Home/fonts/font-awesome/404.html
ERR: 非法操作:home

[ 2016-10-31T19:29:43+08:00 ] 127.0.0.1 /myBlog/Public/Home/fonts/font-awesome/404.html
ERR: 非法操作:home

[ 2016-10-31T19:29:43+08:00 ] 127.0.0.1 /myBlog/Public/Home/fonts/font-awesome/404.html
ERR: 非法操作:home

[ 2016-10-31T19:29:43+08:00 ] 127.0.0.1 /myBlog/Public/Home/fonts/font-awesome/404.html
ERR: 非法操作:home

[ 2016-10-31T19:29:43+08:00 ] 127.0.0.1 /myBlog/Public/Home/fonts/font-awesome/404.html
ERR: 非法操作:home

[ 2016-10-31T19:29:43+08:00 ] 127.0.0.1 /myBlog/Public/Home/fonts/font-awesome/404.html
ERR: 非法操作:home

[ 2016-10-31T19:29:43+08:00 ] 127.0.0.1 /myBlog/Public/Home/fonts/font-awesome/404.html
ERR: 非法操作:home

[ 2016-10-31T19:30:07+08:00 ] 127.0.0.1 /myBlog/Public/Admin/js/layer/extend/layer.ext.js
ERR: 非法操作:admin

[ 2016-10-31T19:30:07+08:00 ] 127.0.0.1 /myBlog/Public/Admin/js/layer/extend/404.html
ERR: 非法操作:admin

[ 2016-10-31T19:30:07+08:00 ] 127.0.0.1 /myBlog/Public/Admin/js/layer/extend/404.html
ERR: 非法操作:admin

[ 2016-10-31T19:30:07+08:00 ] 127.0.0.1 /myBlog/Public/Admin/js/layer/extend/404.html
ERR: 非法操作:admin

[ 2016-10-31T19:30:07+08:00 ] 127.0.0.1 /myBlog/Public/Admin/js/layer/extend/404.html
ERR: 非法操作:admin

[ 2016-10-31T19:30:07+08:00 ] 127.0.0.1 /myBlog/Public/Admin/js/layer/extend/404.html
ERR: 非法操作:admin

[ 2016-10-31T19:30:07+08:00 ] 127.0.0.1 /myBlog/Public/Admin/js/layer/extend/404.html
ERR: 非法操作:admin

[ 2016-10-31T19:30:07+08:00 ] 127.0.0.1 /myBlog/Public/Admin/js/layer/extend/404.html
ERR: 非法操作:admin

[ 2016-10-31T19:30:07+08:00 ] 127.0.0.1 /myBlog/Public/Admin/js/layer/extend/404.html
ERR: 非法操作:admin

[ 2016-10-31T19:30:07+08:00 ] 127.0.0.1 /myBlog/Public/Admin/js/layer/extend/404.html
ERR: 非法操作:admin

[ 2016-10-31T19:30:07+08:00 ] 127.0.0.1 /myBlog/Public/Admin/js/layer/extend/404.html
ERR: 非法操作:admin

[ 2016-10-31T19:30:07+08:00 ] 127.0.0.1 /myBlog/Public/Admin/js/layer/extend/404.html
ERR: 非法操作:admin

[ 2016-10-31T19:30:07+08:00 ] 127.0.0.1 /myBlog/Public/Admin/js/layer/extend/404.html
ERR: 非法操作:admin

[ 2016-10-31T19:30:07+08:00 ] 127.0.0.1 /myBlog/Public/Admin/js/layer/extend/404.html
ERR: 非法操作:admin

[ 2016-10-31T19:30:08+08:00 ] 127.0.0.1 /myBlog/Public/Admin/js/layer/extend/404.html
ERR: 非法操作:admin

[ 2016-10-31T19:30:08+08:00 ] 127.0.0.1 /myBlog/Public/Admin/js/layer/extend/404.html
ERR: 非法操作:admin

[ 2016-10-31T19:30:08+08:00 ] 127.0.0.1 /myBlog/Public/Admin/js/layer/extend/404.html
ERR: 非法操作:admin

[ 2016-10-31T19:30:08+08:00 ] 127.0.0.1 /myBlog/Public/Admin/js/layer/extend/404.html
ERR: 非法操作:admin

[ 2016-10-31T19:30:08+08:00 ] 127.0.0.1 /myBlog/Public/Admin/js/layer/extend/404.html
ERR: 非法操作:admin

[ 2016-10-31T19:30:08+08:00 ] 127.0.0.1 /myBlog/Public/Admin/js/layer/extend/404.html
ERR: 非法操作:admin

[ 2016-10-31T19:30:08+08:00 ] 127.0.0.1 /myBlog/Public/Admin/js/layer/extend/404.html
ERR: 非法操作:admin

[ 2016-10-31T19:30:32+08:00 ] ::1 /myBlog/Public/Admin/js/layer/extend/layer.ext.js
ERR: 非法操作:admin

[ 2016-10-31T19:30:32+08:00 ] ::1 /myBlog/Public/Admin/js/layer/extend/404.html
ERR: 非法操作:admin

[ 2016-10-31T19:30:32+08:00 ] ::1 /myBlog/Public/Admin/js/layer/extend/404.html
ERR: 非法操作:admin

[ 2016-10-31T19:30:32+08:00 ] ::1 /myBlog/Public/Admin/js/layer/extend/404.html
ERR: 非法操作:admin

[ 2016-10-31T19:30:32+08:00 ] ::1 /myBlog/Public/Admin/js/layer/extend/404.html
ERR: 非法操作:admin

[ 2016-10-31T19:30:32+08:00 ] ::1 /myBlog/Public/Admin/js/layer/extend/404.html
ERR: 非法操作:admin

[ 2016-10-31T19:30:32+08:00 ] ::1 /myBlog/Public/Admin/js/layer/extend/404.html
ERR: 非法操作:admin

[ 2016-10-31T19:30:32+08:00 ] ::1 /myBlog/Public/Admin/js/layer/extend/404.html
ERR: 非法操作:admin

[ 2016-10-31T19:30:32+08:00 ] ::1 /myBlog/Public/Admin/js/layer/extend/404.html
ERR: 非法操作:admin

[ 2016-10-31T19:30:32+08:00 ] ::1 /myBlog/Public/Admin/js/layer/extend/404.html
ERR: 非法操作:admin

[ 2016-10-31T19:30:32+08:00 ] ::1 /myBlog/Public/Admin/js/layer/extend/404.html
ERR: 非法操作:admin

[ 2016-10-31T19:30:32+08:00 ] ::1 /myBlog/Public/Admin/js/layer/extend/404.html
ERR: 非法操作:admin

[ 2016-10-31T19:30:32+08:00 ] ::1 /myBlog/Public/Admin/js/layer/extend/404.html
ERR: 非法操作:admin

[ 2016-10-31T19:30:32+08:00 ] ::1 /myBlog/Public/Admin/js/layer/extend/404.html
ERR: 非法操作:admin

[ 2016-10-31T19:30:32+08:00 ] ::1 /myBlog/Public/Admin/js/layer/extend/404.html
ERR: 非法操作:admin

[ 2016-10-31T19:30:32+08:00 ] ::1 /myBlog/Public/Admin/js/layer/extend/404.html
ERR: 非法操作:admin

[ 2016-10-31T19:30:32+08:00 ] ::1 /myBlog/Public/Admin/js/layer/extend/404.html
ERR: 非法操作:admin

[ 2016-10-31T19:30:32+08:00 ] ::1 /myBlog/Public/Admin/js/layer/extend/404.html
ERR: 非法操作:admin

[ 2016-10-31T19:30:32+08:00 ] ::1 /myBlog/Public/Admin/js/layer/extend/404.html
ERR: 非法操作:admin

[ 2016-10-31T19:30:32+08:00 ] ::1 /myBlog/Public/Admin/js/layer/extend/404.html
ERR: 非法操作:admin

[ 2016-10-31T19:30:32+08:00 ] ::1 /myBlog/Public/Admin/js/layer/extend/404.html
ERR: 非法操作:admin

[ 2016-10-31T19:31:27+08:00 ] ::1 /myBlog/Public/Admin/js/jquery.min.js-v=2.1.4
ERR: 非法操作:admin

[ 2016-10-31T19:31:27+08:00 ] ::1 /myBlog/Public/Admin/js/404.html
ERR: 非法操作:admin

[ 2016-10-31T19:31:27+08:00 ] ::1 /myBlog/Public/Admin/js/404.html
ERR: 非法操作:admin

[ 2016-10-31T19:31:27+08:00 ] ::1 /myBlog/Public/Admin/js/404.html
ERR: 非法操作:admin

[ 2016-10-31T19:31:27+08:00 ] ::1 /myBlog/Public/Admin/js/404.html
ERR: 非法操作:admin

[ 2016-10-31T19:31:27+08:00 ] ::1 /myBlog/Public/Admin/js/404.html
ERR: 非法操作:admin

[ 2016-10-31T19:31:27+08:00 ] ::1 /myBlog/Public/Admin/js/404.html
ERR: 非法操作:admin

[ 2016-10-31T19:31:27+08:00 ] ::1 /myBlog/Public/Admin/js/404.html
ERR: 非法操作:admin

[ 2016-10-31T19:31:27+08:00 ] ::1 /myBlog/Public/Admin/js/404.html
ERR: 非法操作:admin

[ 2016-10-31T19:31:27+08:00 ] ::1 /myBlog/Public/Admin/js/404.html
ERR: 非法操作:admin

[ 2016-10-31T19:31:27+08:00 ] ::1 /myBlog/Public/Admin/js/404.html
ERR: 非法操作:admin

[ 2016-10-31T19:31:27+08:00 ] ::1 /myBlog/Public/Admin/js/404.html
ERR: 非法操作:admin

[ 2016-10-31T19:31:27+08:00 ] ::1 /myBlog/Public/Admin/js/404.html
ERR: 非法操作:admin

[ 2016-10-31T19:31:27+08:00 ] ::1 /myBlog/Public/Admin/js/404.html
ERR: 非法操作:admin

[ 2016-10-31T19:31:27+08:00 ] ::1 /myBlog/Public/Admin/js/404.html
ERR: 非法操作:admin

[ 2016-10-31T19:31:27+08:00 ] ::1 /myBlog/Public/Admin/js/404.html
ERR: 非法操作:admin

[ 2016-10-31T19:31:27+08:00 ] ::1 /myBlog/Public/Admin/js/404.html
ERR: 非法操作:admin

[ 2016-10-31T19:31:27+08:00 ] ::1 /myBlog/Public/Admin/js/404.html
ERR: 非法操作:admin

[ 2016-10-31T19:31:27+08:00 ] ::1 /myBlog/Public/Admin/js/404.html
ERR: 非法操作:admin

[ 2016-10-31T19:31:27+08:00 ] ::1 /myBlog/Public/Admin/js/404.html
ERR: 非法操作:admin

[ 2016-10-31T19:31:27+08:00 ] ::1 /myBlog/Public/Admin/js/404.html
ERR: 非法操作:admin

[ 2016-10-31T19:31:28+08:00 ] ::1 /myBlog/Public/Admin/js/jquery.min.js-v=2.1.4
ERR: 非法操作:admin

[ 2016-10-31T19:31:28+08:00 ] ::1 /myBlog/Public/Admin/js/404.html
ERR: 非法操作:admin

[ 2016-10-31T19:31:28+08:00 ] ::1 /myBlog/Public/Admin/js/404.html
ERR: 非法操作:admin

[ 2016-10-31T19:31:29+08:00 ] ::1 /myBlog/Public/Admin/js/404.html
ERR: 非法操作:admin

[ 2016-10-31T19:31:29+08:00 ] ::1 /myBlog/Public/Admin/js/404.html
ERR: 非法操作:admin

[ 2016-10-31T19:31:29+08:00 ] ::1 /myBlog/Public/Admin/js/404.html
ERR: 非法操作:admin

[ 2016-10-31T19:31:29+08:00 ] ::1 /myBlog/Public/Admin/js/404.html
ERR: 非法操作:admin

[ 2016-10-31T19:31:29+08:00 ] ::1 /myBlog/Public/Admin/js/404.html
ERR: 非法操作:admin

[ 2016-10-31T19:31:29+08:00 ] ::1 /myBlog/Public/Admin/js/404.html
ERR: 非法操作:admin

[ 2016-10-31T19:31:29+08:00 ] ::1 /myBlog/Public/Admin/js/404.html
ERR: 非法操作:admin

[ 2016-10-31T19:31:29+08:00 ] ::1 /myBlog/Public/Admin/js/404.html
ERR: 非法操作:admin

[ 2016-10-31T19:31:29+08:00 ] ::1 /myBlog/Public/Admin/js/404.html
ERR: 非法操作:admin

[ 2016-10-31T19:31:29+08:00 ] ::1 /myBlog/Public/Admin/js/404.html
ERR: 非法操作:admin

[ 2016-10-31T19:31:29+08:00 ] ::1 /myBlog/Public/Admin/js/404.html
ERR: 非法操作:admin

[ 2016-10-31T19:31:29+08:00 ] ::1 /myBlog/Public/Admin/js/404.html
ERR: 非法操作:admin

[ 2016-10-31T19:31:29+08:00 ] ::1 /myBlog/Public/Admin/js/404.html
ERR: 非法操作:admin

[ 2016-10-31T19:31:29+08:00 ] ::1 /myBlog/Public/Admin/js/404.html
ERR: 非法操作:admin

[ 2016-10-31T19:31:29+08:00 ] ::1 /myBlog/Public/Admin/js/404.html
ERR: 非法操作:admin

[ 2016-10-31T19:31:29+08:00 ] ::1 /myBlog/Public/Admin/js/404.html
ERR: 非法操作:admin

[ 2016-10-31T19:31:29+08:00 ] ::1 /myBlog/Public/Admin/js/404.html
ERR: 非法操作:admin

[ 2016-10-31T19:31:29+08:00 ] ::1 /myBlog/Public/Admin/js/404.html
ERR: 非法操作:admin

[ 2016-10-31T19:31:30+08:00 ] ::1 /myBlog/Public/Admin/js/jquery.min.js-v=2.1.4
ERR: 非法操作:admin

[ 2016-10-31T19:31:30+08:00 ] ::1 /myBlog/Public/Admin/js/404.html
ERR: 非法操作:admin

[ 2016-10-31T19:31:30+08:00 ] ::1 /myBlog/Public/Admin/js/404.html
ERR: 非法操作:admin

[ 2016-10-31T19:31:30+08:00 ] ::1 /myBlog/Public/Admin/js/404.html
ERR: 非法操作:admin

[ 2016-10-31T19:31:30+08:00 ] ::1 /myBlog/Public/Admin/js/404.html
ERR: 非法操作:admin

[ 2016-10-31T19:31:30+08:00 ] ::1 /myBlog/Public/Admin/js/404.html
ERR: 非法操作:admin

[ 2016-10-31T19:31:30+08:00 ] ::1 /myBlog/Public/Admin/js/404.html
ERR: 非法操作:admin

[ 2016-10-31T19:31:30+08:00 ] ::1 /myBlog/Public/Admin/js/404.html
ERR: 非法操作:admin

[ 2016-10-31T19:31:30+08:00 ] ::1 /myBlog/Public/Admin/js/404.html
ERR: 非法操作:admin

[ 2016-10-31T19:31:30+08:00 ] ::1 /myBlog/Public/Admin/js/404.html
ERR: 非法操作:admin

[ 2016-10-31T19:31:30+08:00 ] ::1 /myBlog/Public/Admin/js/404.html
ERR: 非法操作:admin

[ 2016-10-31T19:31:30+08:00 ] ::1 /myBlog/Public/Admin/js/404.html
ERR: 非法操作:admin

[ 2016-10-31T19:31:31+08:00 ] ::1 /myBlog/Public/Admin/js/404.html
ERR: 非法操作:admin

[ 2016-10-31T19:31:31+08:00 ] ::1 /myBlog/Public/Admin/js/404.html
ERR: 非法操作:admin

[ 2016-10-31T19:31:31+08:00 ] ::1 /myBlog/Public/Admin/js/404.html
ERR: 非法操作:admin

[ 2016-10-31T19:31:31+08:00 ] ::1 /myBlog/Public/Admin/js/404.html
ERR: 非法操作:admin

[ 2016-10-31T19:31:31+08:00 ] ::1 /myBlog/Public/Admin/js/404.html
ERR: 非法操作:admin

[ 2016-10-31T19:31:31+08:00 ] ::1 /myBlog/Public/Admin/js/404.html
ERR: 非法操作:admin

[ 2016-10-31T19:31:31+08:00 ] ::1 /myBlog/Public/Admin/js/404.html
ERR: 非法操作:admin

[ 2016-10-31T19:31:31+08:00 ] ::1 /myBlog/Public/Admin/js/404.html
ERR: 非法操作:admin

[ 2016-10-31T19:31:31+08:00 ] ::1 /myBlog/Public/Admin/js/404.html
ERR: 非法操作:admin

[ 2016-10-31T19:31:32+08:00 ] ::1 /myBlog/Public/Admin/js/jquery.min.js-v=2.1.4
ERR: 非法操作:admin

[ 2016-10-31T19:31:32+08:00 ] ::1 /myBlog/Public/Admin/js/404.html
ERR: 非法操作:admin

[ 2016-10-31T19:31:32+08:00 ] ::1 /myBlog/Public/Admin/js/404.html
ERR: 非法操作:admin

[ 2016-10-31T19:31:32+08:00 ] ::1 /myBlog/Public/Admin/js/404.html
ERR: 非法操作:admin

[ 2016-10-31T19:31:32+08:00 ] ::1 /myBlog/Public/Admin/js/404.html
ERR: 非法操作:admin

[ 2016-10-31T19:31:32+08:00 ] ::1 /myBlog/Public/Admin/js/404.html
ERR: 非法操作:admin

[ 2016-10-31T19:31:32+08:00 ] ::1 /myBlog/Public/Admin/js/404.html
ERR: 非法操作:admin

[ 2016-10-31T19:31:32+08:00 ] ::1 /myBlog/Public/Admin/js/404.html
ERR: 非法操作:admin

[ 2016-10-31T19:31:32+08:00 ] ::1 /myBlog/Public/Admin/js/404.html
ERR: 非法操作:admin

[ 2016-10-31T19:31:32+08:00 ] ::1 /myBlog/Public/Admin/js/404.html
ERR: 非法操作:admin

[ 2016-10-31T19:31:32+08:00 ] ::1 /myBlog/Public/Admin/js/404.html
ERR: 非法操作:admin

[ 2016-10-31T19:31:32+08:00 ] ::1 /myBlog/Public/Admin/js/404.html
ERR: 非法操作:admin

[ 2016-10-31T19:31:32+08:00 ] ::1 /myBlog/Public/Admin/js/404.html
ERR: 非法操作:admin

[ 2016-10-31T19:31:32+08:00 ] ::1 /myBlog/Public/Admin/js/404.html
ERR: 非法操作:admin

[ 2016-10-31T19:31:32+08:00 ] ::1 /myBlog/Public/Admin/js/404.html
ERR: 非法操作:admin

[ 2016-10-31T19:31:32+08:00 ] ::1 /myBlog/Public/Admin/js/404.html
ERR: 非法操作:admin

[ 2016-10-31T19:31:33+08:00 ] ::1 /myBlog/Public/Admin/js/404.html
ERR: 非法操作:admin

[ 2016-10-31T19:31:33+08:00 ] ::1 /myBlog/Public/Admin/js/404.html
ERR: 非法操作:admin

[ 2016-10-31T19:31:33+08:00 ] ::1 /myBlog/Public/Admin/js/404.html
ERR: 非法操作:admin

[ 2016-10-31T19:31:33+08:00 ] ::1 /myBlog/Public/Admin/js/404.html
ERR: 非法操作:admin

[ 2016-10-31T19:31:33+08:00 ] ::1 /myBlog/Public/Admin/js/404.html
ERR: 非法操作:admin

[ 2016-10-31T19:33:14+08:00 ] ::1 /myBlog/Public/Admin/js/layer/extend/layer.ext.js
ERR: 非法操作:admin

[ 2016-10-31T19:33:14+08:00 ] ::1 /myBlog/Public/Admin/js/layer/extend/404.html
ERR: 非法操作:admin

[ 2016-10-31T19:33:14+08:00 ] ::1 /myBlog/Public/Admin/js/layer/extend/404.html
ERR: 非法操作:admin

[ 2016-10-31T19:33:15+08:00 ] ::1 /myBlog/Public/Admin/js/layer/extend/404.html
ERR: 非法操作:admin

[ 2016-10-31T19:33:15+08:00 ] ::1 /myBlog/Public/Admin/js/layer/extend/404.html
ERR: 非法操作:admin

[ 2016-10-31T19:33:15+08:00 ] ::1 /myBlog/Public/Admin/js/layer/extend/404.html
ERR: 非法操作:admin

[ 2016-10-31T19:33:15+08:00 ] ::1 /myBlog/Public/Admin/js/layer/extend/404.html
ERR: 非法操作:admin

[ 2016-10-31T19:33:15+08:00 ] ::1 /myBlog/Public/Admin/js/layer/extend/404.html
ERR: 非法操作:admin

[ 2016-10-31T19:33:15+08:00 ] ::1 /myBlog/Public/Admin/js/layer/extend/404.html
ERR: 非法操作:admin

[ 2016-10-31T19:33:15+08:00 ] ::1 /myBlog/Public/Admin/js/layer/extend/404.html
ERR: 非法操作:admin

[ 2016-10-31T19:33:15+08:00 ] ::1 /myBlog/Public/Admin/js/layer/extend/404.html
ERR: 非法操作:admin

[ 2016-10-31T19:33:15+08:00 ] ::1 /myBlog/Public/Admin/js/layer/extend/404.html
ERR: 非法操作:admin

[ 2016-10-31T19:33:15+08:00 ] ::1 /myBlog/Public/Admin/js/layer/extend/404.html
ERR: 非法操作:admin

[ 2016-10-31T19:33:15+08:00 ] ::1 /myBlog/Public/Admin/js/layer/extend/404.html
ERR: 非法操作:admin

[ 2016-10-31T19:33:15+08:00 ] ::1 /myBlog/Public/Admin/js/layer/extend/404.html
ERR: 非法操作:admin

[ 2016-10-31T19:33:15+08:00 ] ::1 /myBlog/Public/Admin/js/layer/extend/404.html
ERR: 非法操作:admin

[ 2016-10-31T19:33:15+08:00 ] ::1 /myBlog/Public/Admin/js/layer/extend/404.html
ERR: 非法操作:admin

[ 2016-10-31T19:33:15+08:00 ] ::1 /myBlog/Public/Admin/js/layer/extend/404.html
ERR: 非法操作:admin

[ 2016-10-31T19:33:15+08:00 ] ::1 /myBlog/Public/Admin/js/layer/extend/404.html
ERR: 非法操作:admin

[ 2016-10-31T19:33:15+08:00 ] ::1 /myBlog/Public/Admin/js/layer/extend/404.html
ERR: 非法操作:admin

[ 2016-10-31T19:33:15+08:00 ] ::1 /myBlog/Public/Admin/js/layer/extend/404.html
ERR: 非法操作:admin

